<?xml version="1.0" encoding="UTF-8" standalone="yes"?><!DOCTYPE report PUBLIC "-//JACOCO//DTD Report 1.0//EN" "report.dtd"><report name="produtos"><sessioninfo id="edmilsonbubuntu-a8e13b8f" start="1531882474600" dump="1531882474936"/><sessioninfo id="edmilsonbubuntu-b2b8e8f5" start="1531882499339" dump="1531882499710"/><sessioninfo id="edmilsonbubuntu-73c7bc45" start="1531882589263" dump="1531882589595"/><sessioninfo id="edmilsonbubuntu-44441f72" start="1531883036560" dump="1531883037059"/><sessioninfo id="edmilsonbubuntu-a4d02e74" start="1531883231931" dump="1531883232585"/><sessioninfo id="edmilsonbubuntu-f521cc5e" start="1531883277873" dump="1531883278426"/><package name="br/com/alura/maven"><class name="br/com/alura/maven/App"><method name="&lt;init&gt;" desc="()V" line="7"><counter type="INSTRUCTION" missed="3" covered="0"/><counter type="LINE" missed="1" covered="0"/><counter type="COMPLEXITY" missed="1" covered="0"/><counter type="METHOD" missed="1" covered="0"/></method><method name="main" desc="([Ljava/lang/String;)V" line="10"><counter type="INSTRUCTION" missed="22" covered="0"/><counter type="LINE" missed="3" covered="0"/><counter type="COMPLEXITY" missed="1" covered="0"/><counter type="METHOD" missed="1" covered="0"/></method><counter type="INSTRUCTION" missed="25" covered="0"/><counter type="LINE" missed="4" covered="0"/><counter type="COMPLEXITY" missed="2" covered="0"/><counter type="METHOD" missed="2" covered="0"/><counter type="CLASS" missed="1" covered="0"/></class><class name="br/com/alura/maven/Produto"><method name="&lt;init&gt;" desc="(Ljava/lang/String;D)V" line="9"><counter type="INSTRUCTION" missed="0" covered="9"/><counter type="LINE" missed="0" covered="4"/><counter type="COMPLEXITY" missed="0" covered="1"/><counter type="METHOD" missed="0" covered="1"/></method><method name="getNome" desc="()Ljava/lang/String;" line="15"><counter type="INSTRUCTION" missed="3" covered="0"/><counter type="LINE" missed="1" covered="0"/><counter type="COMPLEXITY" missed="1" covered="0"/><counter type="METHOD" missed="1" covered="0"/></method><method name="getPreco" desc="()D" line="19"><counter type="INSTRUCTION" missed="3" covered="0"/><counter type="LINE" missed="1" covered="0"/><counter type="COMPLEXITY" missed="1" covered="0"/><counter type="METHOD" missed="1" covered="0"/></method><method name="getPrecoImposto" desc="()D" line="24"><counter type="INSTRUCTION" missed="0" covered="5"/><counter type="LINE" missed="0" covered="1"/><counter type="COMPLEXITY" missed="0" covered="1"/><counter type="METHOD" missed="0" covered="1"/></method><counter type="INSTRUCTION" missed="6" covered="14"/><counter type="LINE" missed="2" covered="5"/><counter type="COMPLEXITY" missed="2" covered="2"/><counter type="METHOD" missed="2" covered="2"/><counter type="CLASS" missed="0" covered="1"/></class><sourcefile name="App.java"><line nr="7" mi="3" ci="0" mb="0" cb="0"/><line nr="10" mi="6" ci="0" mb="0" cb="0"/><line nr="11" mi="15" ci="0" mb="0" cb="0"/><line nr="12" mi="1" ci="0" mb="0" cb="0"/><counter type="INSTRUCTION" missed="25" covered="0"/><counter type="LINE" missed="4" covered="0"/><counter type="COMPLEXITY" missed="2" covered="0"/><counter type="METHOD" missed="2" covered="0"/><counter type="CLASS" missed="1" covered="0"/></sourcefile><sourcefile name="Produto.java"><line nr="9" mi="0" ci="2" mb="0" cb="0"/><line nr="10" mi="0" ci="3" mb="0" cb="0"/><line nr="11" mi="0" ci="3" mb="0" cb="0"/><line nr="12" mi="0" ci="1" mb="0" cb="0"/><line nr="15" mi="3" ci="0" mb="0" cb="0"/><line nr="19" mi="3" ci="0" mb="0" cb="0"/><line nr="24" mi="0" ci="5" mb="0" cb="0"/><counter type="INSTRUCTION" missed="6" covered="14"/><counter type="LINE" missed="2" covered="5"/><counter type="COMPLEXITY" missed="2" covered="2"/><counter type="METHOD" missed="2" covered="2"/><counter type="CLASS" missed="0" covered="1"/></sourcefile><counter type="INSTRUCTION" missed="31" covered="14"/><counter type="LINE" missed="6" covered="5"/><counter type="COMPLEXITY" missed="4" covered="2"/><counter type="METHOD" missed="4" covered="2"/><counter type="CLASS" missed="1" covered="1"/></package><counter type="INSTRUCTION" missed="31" covered="14"/><counter type="LINE" missed="6" covered="5"/><counter type="COMPLEXITY" missed="4" covered="2"/><counter type="METHOD" missed="4" covered="2"/><counter type="CLASS" missed="1" covered="1"/></report>